=> combined_tools_reid_v2 loaded
Dataset statistics:
  ----------------------------------------
  subset   | # ids | # images | # cameras
  ----------------------------------------
  train    |     0 |        0 |         0
  query    |    17 |       51 |        51
  gallery  |    17 |      204 |       204
  ----------------------------------------
100%|█████████████████████████████████████████████████████████████████████████████████████████████████████████████████████████████████████████████████████████| 51/51 [00:37<00:00,  1.36it/s]
=> combined_tools_reid_v2 loaded
Dataset statistics:
  ----------------------------------------
  subset   | # ids | # images | # cameras
  ----------------------------------------
  train    |     0 |        0 |         0
  query    |    17 |       51 |        51
  gallery  |    17 |      204 |       204
  ----------------------------------------
100%|███████████████████████████████████████████████████████████████████████████████████████████████████████████████████████████████████████████████████████| 204/204 [00:17<00:00, 11.98it/s]
0.5077167870602248
=> combined_tools_redwood_reid_v1 loaded
Dataset statistics:
  ----------------------------------------
  subset   | # ids | # images | # cameras
  ----------------------------------------
  train    |  5555 |   111045 |    111045
  query    |    17 |       51 |        51
  gallery  |  5382 |    85950 |     85950
  ----------------------------------------
100%|█████████████████████████████████████████████████████████████████████████████████████████████████████████████████████████████████████████████████████████| 51/51 [00:02<00:00, 18.34it/s]
=> combined_tools_redwood_reid_v1 loaded
Dataset statistics:
  ----------------------------------------
  subset   | # ids | # images | # cameras
  ----------------------------------------
  train    |  5555 |   111045 |    111045
  query    |    17 |       51 |        51
  gallery  |  5382 |    85950 |     85950
  ----------------------------------------
100%|███████████████████████████████████████████████████████████████████████████████████████████████████████████████████████████████████████████████████| 85950/85950 [51:29<00:00, 27.82it/s]
0.33373873360006356
=> combined_tools_co3d_reid_v2 loaded
Dataset statistics:
  ----------------------------------------
  subset   | # ids | # images | # cameras
  ----------------------------------------
  train    |  9053 |   161255 |    161255
  query    |    17 |       51 |        51
  gallery  |  9484 |   134885 |    134885
  ----------------------------------------
100%|█████████████████████████████████████████████████████████████████████████████████████████████████████████████████████████████████████████████████████████| 51/51 [00:02<00:00, 18.31it/s]
=> combined_tools_co3d_reid_v2 loaded
Dataset statistics:
  ----------------------------------------
  subset   | # ids | # images | # cameras
  ----------------------------------------
  train    |  9053 |   161255 |    161255
  query    |    17 |       51 |        51
  gallery  |  9484 |   134885 |    134885
  ----------------------------------------
100%|███████████████████████████████████████████████████████████████████████████████████████████████████████████████████████████████████████████████| 134885/134885 [2:53:18<00:00, 12.97it/s]
0.30997552776401166
